2021-06-06 15:51:03,605 - root - INFO - 2021-06-06 13:51:03.604993, 1
2021-06-06 15:51:14,659 - root - ERROR - process position is incorrect, should be 0 is 3
2021-06-06 15:51:14,660 - root - ERROR - process position is incorrect, should be 0 is 3
2021-06-06 15:51:14,660 - root - ERROR - process position is incorrect, should be 0 is 3
2021-06-06 15:51:14,660 - root - ERROR - process position is incorrect, should be 0 is 3
2021-06-06 15:51:14,660 - root - ERROR - process position is incorrect, should be 0 is 3
2021-06-06 15:51:14,660 - root - INFO - 500000BTCZAR, SELL: post_limit_order 
2021-06-06 15:51:15,675 - root - INFO - 494000BTCZAR, SELL: post_limit_order 
2021-06-06 15:51:16,673 - root - INFO - 496000BTCZAR, SELL: post_limit_order 
2021-06-06 15:51:17,686 - root - INFO - 492000BTCZAR, SELL: post_limit_order 
2021-06-06 15:51:18,912 - root - INFO - 498000BTCZAR, SELL: post_limit_order 
2021-06-06 15:51:19,987 - root - INFO - 0:00:16.382264, 6
2021-06-06 15:51:19,987 - root - INFO - 
2021-06-06 15:52:03,213 - root - INFO - 2021-06-06 13:52:03.213937, 1
2021-06-06 15:52:07,815 - root - INFO - 0:00:04.601800, 6
2021-06-06 15:52:07,815 - root - INFO - 
2021-06-06 15:53:03,205 - root - INFO - 2021-06-06 13:53:03.205893, 1
2021-06-06 15:53:03,791 - root - INFO - 0:00:00.585488, 6
2021-06-06 15:53:03,791 - root - INFO - 
2021-06-06 15:54:03,196 - root - INFO - 2021-06-06 13:54:03.196330, 1
2021-06-06 15:54:04,719 - root - INFO - 0:00:01.523256, 6
2021-06-06 15:54:04,719 - root - INFO - 
2021-06-06 15:55:03,206 - root - INFO - 2021-06-06 13:55:03.206711, 1
2021-06-06 15:55:03,759 - root - INFO - 0:00:00.553021, 6
2021-06-06 15:55:03,759 - root - INFO - 
2021-06-06 15:56:03,200 - root - INFO - 2021-06-06 13:56:03.200366, 1
2021-06-06 15:56:03,816 - root - INFO - 0:00:00.615924, 6
2021-06-06 15:56:03,816 - root - INFO - 
2021-06-06 15:57:03,200 - root - INFO - 2021-06-06 13:57:03.200262, 1
2021-06-06 15:57:03,774 - root - INFO - 0:00:00.574566, 6
2021-06-06 15:57:03,775 - root - INFO - 
2021-06-06 15:58:03,443 - root - INFO - 2021-06-06 13:58:03.443431, 1
2021-06-06 15:58:03,976 - root - INFO - 0:00:00.532921, 6
2021-06-06 15:58:03,976 - root - INFO - 
2021-06-06 15:59:03,206 - root - INFO - 2021-06-06 13:59:03.206668, 1
2021-06-06 15:59:03,825 - root - INFO - 0:00:00.618871, 6
2021-06-06 15:59:03,825 - root - INFO - 
2021-06-06 16:00:03,452 - root - INFO - 2021-06-06 14:00:03.452734, 1
2021-06-06 16:00:04,071 - root - INFO - 0:00:00.618832, 6
2021-06-06 16:00:04,071 - root - INFO - 
2021-06-06 16:01:03,211 - root - INFO - 2021-06-06 14:01:03.211030, 1
2021-06-06 16:01:03,788 - root - INFO - 0:00:00.577079, 6
2021-06-06 16:01:03,788 - root - INFO - 
2021-06-06 16:02:03,215 - root - INFO - 2021-06-06 14:02:03.215131, 1
2021-06-06 16:02:03,821 - root - INFO - 0:00:00.606189, 6
2021-06-06 16:02:03,821 - root - INFO - 
2021-06-06 16:03:03,212 - root - INFO - 2021-06-06 14:03:03.212706, 1
2021-06-06 16:03:03,736 - root - INFO - 0:00:00.523573, 6
2021-06-06 16:03:03,736 - root - INFO - 
2021-06-06 16:04:03,467 - root - INFO - 2021-06-06 14:04:03.467817, 1
2021-06-06 16:04:04,061 - root - INFO - 0:00:00.593529, 6
2021-06-06 16:04:04,061 - root - INFO - 
2021-06-06 16:05:03,224 - root - INFO - 2021-06-06 14:05:03.224176, 1
2021-06-06 16:05:03,813 - root - INFO - 476000BTCZAR, BUY: post_limit_order 
2021-06-06 16:05:04,793 - root - INFO - 0:00:01.569209, 6
2021-06-06 16:05:04,793 - root - INFO - 
2021-06-06 16:06:03,218 - root - INFO - 2021-06-06 14:06:03.218641, 1
2021-06-06 16:06:03,817 - root - INFO - 0:00:00.598519, 6
2021-06-06 16:06:03,817 - root - INFO - 
2021-06-06 16:07:03,210 - root - INFO - 2021-06-06 14:07:03.210515, 1
2021-06-06 16:07:03,766 - root - INFO - 0:00:00.556399, 6
2021-06-06 16:07:03,767 - root - INFO - 
2021-06-06 16:08:03,218 - root - INFO - 2021-06-06 14:08:03.218005, 1
2021-06-06 16:08:03,799 - root - INFO - 0:00:00.581023, 6
2021-06-06 16:08:03,799 - root - INFO - 
2021-06-06 16:09:03,621 - root - INFO - 2021-06-06 14:09:03.621716, 1
2021-06-06 16:09:04,193 - root - INFO - 0:00:00.571649, 6
2021-06-06 16:09:04,193 - root - INFO - 
2021-06-06 16:10:03,220 - root - INFO - 2021-06-06 14:10:03.220843, 1
2021-06-06 16:10:03,829 - root - INFO - 474000BTCZAR, BUY: post_limit_order 
2021-06-06 16:10:04,930 - root - INFO - 0:00:01.710051, 6
2021-06-06 16:10:04,931 - root - INFO - 
2021-06-06 16:11:03,223 - root - INFO - 2021-06-06 14:11:03.223442, 1
2021-06-06 16:11:04,691 - root - INFO - 0:00:01.467878, 6
2021-06-06 16:11:04,691 - root - INFO - 
2021-06-06 16:12:03,214 - root - INFO - 2021-06-06 14:12:03.214243, 1
2021-06-06 16:12:03,763 - root - INFO - 0:00:00.549099, 6
2021-06-06 16:12:03,763 - root - INFO - 
2021-06-06 16:13:03,215 - root - INFO - 2021-06-06 14:13:03.215748, 1
2021-06-06 16:13:03,784 - root - INFO - 0:00:00.568844, 6
2021-06-06 16:13:03,784 - root - INFO - 
2021-06-06 16:14:03,226 - root - INFO - 2021-06-06 14:14:03.226901, 1
2021-06-06 16:14:03,857 - root - INFO - 0:00:00.630889, 6
2021-06-06 16:14:03,858 - root - INFO - 
2021-06-06 16:15:03,232 - root - INFO - 2021-06-06 14:15:03.232447, 1
2021-06-06 16:15:03,778 - root - INFO - 0:00:00.545785, 6
2021-06-06 16:15:03,778 - root - INFO - 
2021-06-06 16:16:03,215 - root - INFO - 2021-06-06 14:16:03.215894, 1
2021-06-06 16:16:03,803 - root - INFO - 0:00:00.587605, 6
2021-06-06 16:16:03,803 - root - INFO - 
2021-06-06 16:17:03,221 - root - INFO - 2021-06-06 14:17:03.221180, 1
2021-06-06 16:17:03,824 - root - INFO - 0:00:00.603072, 6
2021-06-06 16:17:03,824 - root - INFO - 
2021-06-06 16:18:03,228 - root - INFO - 2021-06-06 14:18:03.228038, 1
2021-06-06 16:18:03,828 - root - INFO - 0:00:00.600624, 6
2021-06-06 16:18:03,828 - root - INFO - 
2021-06-06 16:19:03,219 - root - INFO - 2021-06-06 14:19:03.219554, 1
2021-06-06 16:19:03,802 - root - INFO - 0:00:00.582426, 6
2021-06-06 16:19:03,802 - root - INFO - 
2021-06-06 16:20:03,464 - root - INFO - 2021-06-06 14:20:03.464291, 1
2021-06-06 16:20:04,014 - root - INFO - 0:00:00.549954, 6
2021-06-06 16:20:04,014 - root - INFO - 
2021-06-06 16:21:03,240 - root - INFO - 2021-06-06 14:21:03.240228, 1
2021-06-06 16:21:03,899 - root - INFO - 0:00:00.658747, 6
2021-06-06 16:21:03,899 - root - INFO - 
2021-06-06 16:22:03,238 - root - INFO - 2021-06-06 14:22:03.238400, 1
2021-06-06 16:22:03,856 - root - INFO - 0:00:00.617794, 6
2021-06-06 16:22:03,856 - root - INFO - 
2021-06-06 16:23:03,633 - root - INFO - 2021-06-06 14:23:03.633730, 1
2021-06-06 16:23:04,171 - root - INFO - 0:00:00.537323, 6
2021-06-06 16:23:04,171 - root - INFO - 
2021-06-06 16:24:03,483 - root - INFO - 2021-06-06 14:24:03.483042, 1
2021-06-06 16:24:04,088 - root - INFO - 0:00:00.605539, 6
2021-06-06 16:24:04,088 - root - INFO - 
2021-06-06 16:25:03,232 - root - INFO - 2021-06-06 14:25:03.231964, 1
2021-06-06 16:25:03,887 - root - INFO - 0:00:00.655425, 6
2021-06-06 16:25:03,887 - root - INFO - 
2021-06-06 16:26:03,217 - root - INFO - 2021-06-06 14:26:03.217377, 1
2021-06-06 16:26:03,900 - root - INFO - 0:00:00.682622, 6
2021-06-06 16:26:03,900 - root - INFO - 
2021-06-06 16:27:03,219 - root - INFO - 2021-06-06 14:27:03.219628, 1
2021-06-06 16:27:03,801 - root - INFO - 0:00:00.581793, 6
2021-06-06 16:27:03,801 - root - INFO - 
2021-06-06 16:28:03,220 - root - INFO - 2021-06-06 14:28:03.220486, 1
2021-06-06 16:28:03,942 - root - INFO - 0:00:00.721848, 6
2021-06-06 16:28:03,942 - root - INFO - 
2021-06-06 16:29:03,227 - root - INFO - 2021-06-06 14:29:03.226947, 1
2021-06-06 16:29:03,838 - root - INFO - 0:00:00.611038, 6
2021-06-06 16:29:03,838 - root - INFO - 
2021-06-06 16:30:03,243 - root - INFO - 2021-06-06 14:30:03.243400, 1
2021-06-06 16:30:03,813 - root - INFO - 0:00:00.569580, 6
2021-06-06 16:30:03,813 - root - INFO - 
2021-06-06 16:31:03,221 - root - INFO - 2021-06-06 14:31:03.221391, 1
2021-06-06 16:31:03,792 - root - INFO - 0:00:00.570578, 6
2021-06-06 16:31:03,792 - root - INFO - 
2021-06-06 16:32:03,215 - root - INFO - 2021-06-06 14:32:03.215848, 1
2021-06-06 16:32:03,796 - root - INFO - 0:00:00.580548, 6
2021-06-06 16:32:03,796 - root - INFO - 
2021-06-06 16:33:03,617 - root - INFO - 2021-06-06 14:33:03.617248, 1
2021-06-06 16:33:04,198 - root - INFO - 0:00:00.581241, 6
2021-06-06 16:33:04,198 - root - INFO - 
2021-06-06 16:34:03,461 - root - INFO - 2021-06-06 14:34:03.461342, 1
2021-06-06 16:34:04,022 - root - INFO - 0:00:00.561235, 6
2021-06-06 16:34:04,022 - root - INFO - 
2021-06-06 16:35:03,221 - root - INFO - 2021-06-06 14:35:03.221288, 1
2021-06-06 16:35:03,829 - root - INFO - 0:00:00.607716, 6
2021-06-06 16:35:03,829 - root - INFO - 
2021-06-06 16:36:03,209 - root - INFO - 2021-06-06 14:36:03.209067, 1
2021-06-06 16:36:03,783 - root - INFO - 0:00:00.573976, 6
2021-06-06 16:36:03,783 - root - INFO - 
2021-06-06 16:37:03,206 - root - INFO - 2021-06-06 14:37:03.206741, 1
2021-06-06 16:37:03,786 - root - INFO - 0:00:00.580051, 6
2021-06-06 16:37:03,787 - root - INFO - 
2021-06-06 16:38:03,211 - root - INFO - 2021-06-06 14:38:03.211461, 1
2021-06-06 16:38:03,790 - root - INFO - 0:00:00.579230, 6
2021-06-06 16:38:03,790 - root - INFO - 
2021-06-06 16:39:03,218 - root - INFO - 2021-06-06 14:39:03.217982, 1
2021-06-06 16:39:03,785 - root - INFO - 0:00:00.567686, 6
2021-06-06 16:39:03,785 - root - INFO - 
2021-06-06 16:40:03,217 - root - INFO - 2021-06-06 14:40:03.217218, 1
2021-06-06 16:40:03,793 - root - INFO - 0:00:00.576346, 6
2021-06-06 16:40:03,793 - root - INFO - 
2021-06-06 16:41:03,202 - root - INFO - 2021-06-06 14:41:03.202018, 1
2021-06-06 16:41:03,829 - root - INFO - 0:00:00.627079, 6
2021-06-06 16:41:03,829 - root - INFO - 
2021-06-06 16:42:03,200 - root - INFO - 2021-06-06 14:42:03.200503, 1
2021-06-06 16:42:03,830 - root - INFO - 0:00:00.630385, 6
2021-06-06 16:42:03,831 - root - INFO - 
2021-06-06 16:43:03,201 - root - INFO - 2021-06-06 14:43:03.201325, 1
2021-06-06 16:43:03,818 - root - INFO - 0:00:00.617533, 6
2021-06-06 16:43:03,819 - root - INFO - 
2021-06-06 16:44:03,217 - root - INFO - 2021-06-06 14:44:03.217413, 1
2021-06-06 16:44:03,808 - root - INFO - 0:00:00.591431, 6
2021-06-06 16:44:03,809 - root - INFO - 
2021-06-06 16:45:03,231 - root - INFO - 2021-06-06 14:45:03.231628, 1
2021-06-06 16:45:05,183 - root - INFO - 0:00:01.951876, 6
2021-06-06 16:45:05,183 - root - INFO - 
2021-06-06 16:46:03,198 - root - INFO - 2021-06-06 14:46:03.198427, 1
2021-06-06 16:46:03,890 - root - INFO - 0:00:00.691705, 6
2021-06-06 16:46:03,890 - root - INFO - 
2021-06-06 16:47:03,205 - root - INFO - 2021-06-06 14:47:03.205078, 1
2021-06-06 16:47:03,765 - root - INFO - 0:00:00.560658, 6
2021-06-06 16:47:03,765 - root - INFO - 
2021-06-06 16:48:03,200 - root - INFO - 2021-06-06 14:48:03.200479, 1
2021-06-06 16:48:03,912 - root - INFO - 502000BTCZAR, BUY: post_limit_order 
2021-06-06 16:48:04,974 - root - INFO - 0:00:01.773651, 6
2021-06-06 16:48:04,974 - root - INFO - 
2021-06-06 16:49:03,208 - root - INFO - 2021-06-06 14:49:03.208126, 1
2021-06-06 16:49:03,800 - root - INFO - 0:00:00.592503, 6
2021-06-06 16:49:03,800 - root - INFO - 
2021-06-06 16:50:03,212 - root - INFO - 2021-06-06 14:50:03.211963, 1
2021-06-06 16:50:03,807 - root - INFO - 0:00:00.595918, 6
2021-06-06 16:50:03,808 - root - INFO - 
2021-06-06 16:51:03,215 - root - INFO - 2021-06-06 14:51:03.215777, 1
2021-06-06 16:51:03,757 - root - INFO - 0:00:00.541850, 6
2021-06-06 16:51:03,757 - root - INFO - 
2021-06-06 16:52:03,204 - root - INFO - 2021-06-06 14:52:03.204530, 1
2021-06-06 16:52:06,222 - root - ERROR - process position is incorrect, should be 0 is 6
2021-06-06 16:52:06,222 - root - ERROR - process position is incorrect, should be 0 is 6
2021-06-06 16:52:06,222 - root - ERROR - process position is incorrect, should be 0 is 6
2021-06-06 16:52:06,222 - root - ERROR - process position is incorrect, should be 0 is 6
2021-06-06 16:52:06,222 - root - ERROR - process position is incorrect, should be 0 is 6
2021-06-06 16:52:06,262 - root - INFO - 0:00:03.057642, 6
2021-06-06 16:52:06,262 - root - INFO - 
2021-06-06 16:53:03,199 - root - INFO - 2021-06-06 14:53:03.199421, 1
2021-06-06 16:53:04,936 - root - INFO - 500000BTCZAR, BUY: post_limit_order 
2021-06-06 16:53:06,012 - root - ERROR - NB placed buy: Failed, 500000BTCZAR
2021-06-06 16:53:06,012 - root - INFO - 494000BTCZAR, BUY: post_limit_order 
2021-06-06 16:53:07,002 - root - ERROR - NB placed buy: Failed, 494000BTCZAR
2021-06-06 16:53:07,003 - root - INFO - 496000BTCZAR, BUY: post_limit_order 
2021-06-06 16:53:07,955 - root - ERROR - NB placed buy: Failed, 496000BTCZAR
2021-06-06 16:53:07,957 - root - INFO - 504000BTCZAR, BUY: post_limit_order 
2021-06-06 16:53:08,920 - root - INFO - 492000BTCZAR, BUY: post_limit_order 
2021-06-06 16:53:09,891 - root - ERROR - NB placed buy: Failed, 492000BTCZAR
2021-06-06 16:53:09,891 - root - INFO - 498000BTCZAR, BUY: post_limit_order 
2021-06-06 16:53:10,920 - root - ERROR - NB placed buy: Failed, 498000BTCZAR
2021-06-06 16:53:10,921 - root - INFO - 0:00:07.721868, 6
2021-06-06 16:53:10,921 - root - INFO - 
2021-06-06 16:54:03,452 - root - INFO - 2021-06-06 14:54:03.452770, 1
2021-06-06 16:54:04,490 - root - INFO - 500000BTCZAR, BUY: post_limit_order 
2021-06-06 16:54:05,430 - root - ERROR - NB placed buy: Failed, 500000BTCZAR
2021-06-06 16:54:05,431 - root - INFO - 494000BTCZAR, BUY: post_limit_order 
2021-06-06 16:54:06,410 - root - ERROR - NB placed buy: Failed, 494000BTCZAR
2021-06-06 16:54:06,411 - root - INFO - 496000BTCZAR, BUY: post_limit_order 
2021-06-06 16:54:07,372 - root - ERROR - NB placed buy: Failed, 496000BTCZAR
2021-06-06 16:54:07,373 - root - ERROR - process position is incorrect, should be 0 is 3
2021-06-06 16:54:07,374 - root - INFO - 492000BTCZAR, BUY: post_limit_order 
2021-06-06 16:54:08,307 - root - ERROR - NB placed buy: Failed, 492000BTCZAR
2021-06-06 16:54:08,308 - root - INFO - 498000BTCZAR, BUY: post_limit_order 
2021-06-06 16:54:09,280 - root - ERROR - NB placed buy: Failed, 498000BTCZAR
2021-06-06 16:54:09,281 - root - INFO - 504000BTCZAR, SELL: post_limit_order 
2021-06-06 16:54:10,333 - root - INFO - 0:00:06.880492, 6
2021-06-06 16:54:10,333 - root - INFO - 
2021-06-06 16:55:03,601 - root - INFO - 2021-06-06 14:55:03.601732, 1
2021-06-06 16:55:04,194 - root - INFO - 500000BTCZAR, BUY: post_limit_order 
2021-06-06 16:55:05,127 - root - ERROR - NB placed buy: Failed, 500000BTCZAR
2021-06-06 16:55:05,129 - root - INFO - 494000BTCZAR, BUY: post_limit_order 
2021-06-06 16:55:06,144 - root - ERROR - NB placed buy: Failed, 494000BTCZAR
2021-06-06 16:55:06,145 - root - INFO - 496000BTCZAR, BUY: post_limit_order 
2021-06-06 16:55:07,200 - root - ERROR - NB placed buy: Failed, 496000BTCZAR
2021-06-06 16:55:07,201 - root - INFO - 492000BTCZAR, BUY: post_limit_order 
2021-06-06 16:55:08,217 - root - ERROR - NB placed buy: Failed, 492000BTCZAR
2021-06-06 16:55:08,217 - root - INFO - 498000BTCZAR, BUY: post_limit_order 
2021-06-06 16:55:09,189 - root - ERROR - NB placed buy: Failed, 498000BTCZAR
2021-06-06 16:55:09,190 - root - INFO - 0:00:05.588394, 6
2021-06-06 16:55:09,190 - root - INFO - 
2021-06-06 16:56:03,441 - root - INFO - 2021-06-06 14:56:03.441730, 1
2021-06-06 16:56:04,063 - root - INFO - 500000BTCZAR, BUY: post_limit_order 
2021-06-06 16:56:05,068 - root - ERROR - NB placed buy: Failed, 500000BTCZAR
2021-06-06 16:56:05,069 - root - INFO - 494000BTCZAR, BUY: post_limit_order 
2021-06-06 16:56:06,111 - root - ERROR - NB placed buy: Failed, 494000BTCZAR
2021-06-06 16:56:06,112 - root - INFO - 496000BTCZAR, BUY: post_limit_order 
2021-06-06 16:56:07,087 - root - ERROR - NB placed buy: Failed, 496000BTCZAR
2021-06-06 16:56:07,088 - root - INFO - 492000BTCZAR, BUY: post_limit_order 
2021-06-06 16:56:08,316 - root - ERROR - NB placed buy: Failed, 492000BTCZAR
2021-06-06 16:56:08,317 - root - INFO - 498000BTCZAR, BUY: post_limit_order 
2021-06-06 16:56:09,343 - root - ERROR - NB placed buy: Failed, 498000BTCZAR
2021-06-06 16:56:09,344 - root - INFO - 0:00:05.902258, 6
2021-06-06 16:56:09,344 - root - INFO - 
