2021-06-11 16:20:03,248 - root - INFO - 2021-06-11 14:20:03.248274, 1
2021-06-11 16:20:04,694 - root - INFO - 526000BTCZAR, SELL: post_limit_order 
2021-06-11 16:20:05,658 - root - INFO - 527000BTCZAR, SELL: post_limit_order 
2021-06-11 16:20:07,376 - root - INFO - 500000BTCZAR, BUY: post_limit_order 
2021-06-11 16:20:09,645 - root - INFO - 499000BTCZAR, BUY: post_limit_order 
2021-06-11 16:20:10,573 - root - INFO - 501000BTCZAR, BUY: post_limit_order 
2021-06-11 16:20:11,653 - root - INFO - 0:00:08.405590, 6
2021-06-11 16:20:11,654 - root - INFO - 
2021-06-11 16:21:03,232 - root - INFO - 2021-06-11 14:21:03.232875, 1
2021-06-11 16:21:04,264 - root - INFO - 525000BTCZAR, SELL: post_limit_order 
2021-06-11 16:21:05,215 - root - INFO - 0:00:01.982341, 6
2021-06-11 16:21:05,215 - root - INFO - 
2021-06-11 16:22:03,225 - root - INFO - 2021-06-11 14:22:03.225077, 1
2021-06-11 16:22:04,710 - root - INFO - 0:00:01.485050, 6
2021-06-11 16:22:04,710 - root - INFO - 
2021-06-11 16:23:03,218 - root - INFO - 2021-06-11 14:23:03.218027, 1
2021-06-11 16:23:03,772 - root - INFO - 0:00:00.554833, 6
2021-06-11 16:23:03,773 - root - INFO - 
2021-06-11 16:24:03,208 - root - INFO - 2021-06-11 14:24:03.208357, 1
2021-06-11 16:24:04,337 - root - INFO - 0:00:01.128717, 6
2021-06-11 16:24:04,337 - root - INFO - 
2021-06-11 16:25:03,297 - root - INFO - 2021-06-11 14:25:03.296940, 1
2021-06-11 16:25:04,175 - root - INFO - 525000BTCZAR, BUY: post_limit_order 
2021-06-11 16:25:05,247 - root - INFO - 0:00:01.950105, 6
2021-06-11 16:25:05,247 - root - INFO - 
2021-06-11 16:26:03,216 - root - INFO - 2021-06-11 14:26:03.216907, 1
2021-06-11 16:26:05,081 - root - INFO - 0:00:01.864575, 6
2021-06-11 16:26:05,081 - root - INFO - 
2021-06-11 16:27:03,226 - root - INFO - 2021-06-11 14:27:03.226902, 1
2021-06-11 16:27:03,780 - root - INFO - 0:00:00.553336, 6
2021-06-11 16:27:03,780 - root - INFO - 
2021-06-11 16:28:03,214 - root - INFO - 2021-06-11 14:28:03.214295, 1
2021-06-11 16:28:03,807 - root - INFO - 0:00:00.593368, 6
2021-06-11 16:28:03,807 - root - INFO - 
2021-06-11 16:29:03,215 - root - INFO - 2021-06-11 14:29:03.215370, 1
2021-06-11 16:29:04,842 - root - INFO - 525000BTCZAR, SELL: post_limit_order 
2021-06-11 16:29:05,825 - root - INFO - 524000BTCZAR, SELL: post_limit_order 
2021-06-11 16:29:06,891 - root - INFO - 500000BTCZAR, BUY: post_limit_order 
2021-06-11 16:29:07,935 - root - INFO - 497000BTCZAR, BUY: post_limit_order 
2021-06-11 16:29:08,971 - root - INFO - 499000BTCZAR, BUY: post_limit_order 
2021-06-11 16:29:09,983 - root - INFO - 498000BTCZAR, BUY: post_limit_order 
2021-06-11 16:29:10,941 - root - INFO - 0:00:07.725998, 6
2021-06-11 16:29:10,941 - root - INFO - 
2021-06-11 16:30:03,248 - root - INFO - 2021-06-11 14:30:03.248132, 1
2021-06-11 16:30:04,971 - root - INFO - 0:00:01.723218, 6
2021-06-11 16:30:04,971 - root - INFO - 
2021-06-11 16:31:03,207 - root - INFO - 2021-06-11 14:31:03.207563, 1
2021-06-11 16:31:03,835 - root - INFO - 0:00:00.627973, 6
2021-06-11 16:31:03,835 - root - INFO - 
2021-06-11 16:32:03,210 - root - INFO - 2021-06-11 14:32:03.210055, 1
2021-06-11 16:32:03,788 - root - INFO - 0:00:00.578319, 6
2021-06-11 16:32:03,788 - root - INFO - 
2021-06-11 16:33:03,307 - root - INFO - 2021-06-11 14:33:03.307337, 1
2021-06-11 16:33:04,904 - root - INFO - 0:00:01.596962, 6
2021-06-11 16:33:04,904 - root - INFO - 
2021-06-11 16:34:03,218 - root - INFO - 2021-06-11 14:34:03.218293, 1
2021-06-11 16:34:03,924 - root - INFO - 498000BTCZAR, BUY: post_limit_order 
2021-06-11 16:34:04,886 - root - INFO - 0:00:01.667720, 6
2021-06-11 16:34:04,886 - root - INFO - 
2021-06-11 16:35:03,222 - root - INFO - 2021-06-11 14:35:03.222879, 1
2021-06-11 16:35:04,847 - root - INFO - 0:00:01.624379, 6
2021-06-11 16:35:04,847 - root - INFO - 
2021-06-11 16:36:03,221 - root - INFO - 2021-06-11 14:36:03.221813, 1
2021-06-11 16:36:03,809 - root - INFO - 0:00:00.587583, 6
2021-06-11 16:36:03,809 - root - INFO - 
2021-06-11 16:37:03,220 - root - INFO - 2021-06-11 14:37:03.220160, 1
2021-06-11 16:37:04,787 - root - INFO - 0:00:01.567406, 6
2021-06-11 16:37:04,787 - root - INFO - 
2021-06-11 16:38:03,219 - root - INFO - 2021-06-11 14:38:03.219584, 1
2021-06-11 16:38:03,818 - root - INFO - 0:00:00.599273, 6
2021-06-11 16:38:03,819 - root - INFO - 
2021-06-11 16:39:03,245 - root - INFO - 2021-06-11 14:39:03.245484, 1
2021-06-11 16:39:03,836 - root - INFO - 0:00:00.591094, 6
2021-06-11 16:39:03,836 - root - INFO - 
2021-06-11 16:40:03,239 - root - INFO - 2021-06-11 14:40:03.239597, 1
2021-06-11 16:40:04,840 - root - INFO - 0:00:01.600556, 6
2021-06-11 16:40:04,840 - root - INFO - 
2021-06-11 16:41:03,231 - root - INFO - 2021-06-11 14:41:03.231269, 1
2021-06-11 16:41:04,360 - root - INFO - 525000BTCZAR, BUY: post_limit_order 
2021-06-11 16:41:05,392 - root - INFO - 524000BTCZAR, BUY: post_limit_order 
2021-06-11 16:41:06,366 - root - INFO - 0:00:03.134720, 6
2021-06-11 16:41:06,366 - root - INFO - 
2021-06-11 16:42:03,473 - root - INFO - 2021-06-11 14:42:03.473639, 1
2021-06-11 16:42:04,104 - root - INFO - 526000BTCZAR, BUY: post_limit_order 
2021-06-11 16:42:05,175 - root - INFO - 0:00:01.701707, 6
2021-06-11 16:42:05,175 - root - INFO - 
2021-06-11 16:43:03,234 - root - INFO - 2021-06-11 14:43:03.234672, 1
2021-06-11 16:43:03,883 - root - INFO - 0:00:00.649105, 6
2021-06-11 16:43:03,884 - root - INFO - 
2021-06-11 16:44:03,222 - root - INFO - 2021-06-11 14:44:03.222260, 1
2021-06-11 16:44:03,808 - root - INFO - 0:00:00.586361, 6
2021-06-11 16:44:03,808 - root - INFO - 
2021-06-11 16:45:03,245 - root - INFO - 2021-06-11 14:45:03.245374, 1
2021-06-11 16:45:04,320 - root - INFO - 526000BTCZAR, SELL: post_limit_order 
2021-06-11 16:45:05,334 - root - INFO - 0:00:02.088600, 6
2021-06-11 16:45:05,334 - root - INFO - 
2021-06-11 16:46:03,241 - root - INFO - 2021-06-11 14:46:03.241171, 1
2021-06-11 16:46:03,861 - root - INFO - 0:00:00.619916, 6
2021-06-11 16:46:03,861 - root - INFO - 
2021-06-11 16:47:03,225 - root - INFO - 2021-06-11 14:47:03.225190, 1
2021-06-11 16:47:04,014 - root - INFO - 0:00:00.789467, 6
2021-06-11 16:47:04,014 - root - INFO - 
2021-06-11 16:48:03,485 - root - INFO - 2021-06-11 14:48:03.485150, 1
2021-06-11 16:48:04,108 - root - INFO - 0:00:00.622821, 6
2021-06-11 16:48:04,108 - root - INFO - 
